<?xml version="1.0" encoding="UTF-8"?>
<testsuite name="com.smartbus.SmartBusApplicationTests" tests="1" skipped="0" failures="0" errors="0" timestamp="2026-04-12T21:04:13.013Z" hostname="runnervm35a4x" time="5.543">
  <properties/>
  <testcase name="contextLoads()" classname="com.smartbus.SmartBusApplicationTests" time="0.492"/>
  <system-out><![CDATA[21:04:13.143 [Test worker] INFO org.springframework.test.context.support.AnnotationConfigContextLoaderUtils -- Could not detect default configuration classes for test class [com.smartbus.SmartBusApplicationTests]: SmartBusApplicationTests does not declare any static, non-private, non-final, nested classes annotated with @Configuration.
21:04:13.238 [Test worker] INFO org.springframework.boot.test.context.SpringBootTestContextBootstrapper -- Found @SpringBootConfiguration com.smartbus.SmartBusApplication for test class com.smartbus.SmartBusApplicationTests

  .   ____          _            __ _ _
 /\\ / ___'_ __ _ _(_)_ __  __ _ \ \ \ \
( ( )\___ | '_ | '_| | '_ \/ _` | \ \ \ \
 \\/  ___)| |_)| | | | | || (_| |  ) ) ) )
  '  |____| .__|_| |_|_| |_\__, | / / / /
 =========|_|==============|___/=/_/_/_/

 :: Spring Boot ::                (v3.3.5)

2026-04-12T21:04:13.598Z  INFO 5080 --- [SmartBus] [    Test worker] com.smartbus.SmartBusApplicationTests    : Starting SmartBusApplicationTests using Java 17.0.18 with PID 5080 (started by runner in /home/runner/work/SmartBus-Complete-System/SmartBus-Complete-System/backend)
2026-04-12T21:04:13.600Z  INFO 5080 --- [SmartBus] [    Test worker] com.smartbus.SmartBusApplicationTests    : The following 1 profile is active: "test"
2026-04-12T21:04:14.309Z  INFO 5080 --- [SmartBus] [    Test worker] .s.d.r.c.RepositoryConfigurationDelegate : Bootstrapping Spring Data JPA repositories in DEFAULT mode.
2026-04-12T21:04:14.380Z  INFO 5080 --- [SmartBus] [    Test worker] .s.d.r.c.RepositoryConfigurationDelegate : Finished Spring Data repository scanning in 64 ms. Found 6 JPA repository interfaces.
2026-04-12T21:04:14.890Z  INFO 5080 --- [SmartBus] [    Test worker] o.hibernate.jpa.internal.util.LogHelper  : HHH000204: Processing PersistenceUnitInfo [name: default]
2026-04-12T21:04:14.936Z  INFO 5080 --- [SmartBus] [    Test worker] org.hibernate.Version                    : HHH000412: Hibernate ORM core version 6.5.3.Final
2026-04-12T21:04:14.966Z  INFO 5080 --- [SmartBus] [    Test worker] o.h.c.internal.RegionFactoryInitiator    : HHH000026: Second-level cache disabled
2026-04-12T21:04:15.244Z  INFO 5080 --- [SmartBus] [    Test worker] o.s.o.j.p.SpringPersistenceUnitInfo      : No LoadTimeWeaver setup: ignoring JPA class transformer
2026-04-12T21:04:15.277Z  INFO 5080 --- [SmartBus] [    Test worker] com.zaxxer.hikari.HikariDataSource       : HikariPool-1 - Starting...
2026-04-12T21:04:15.452Z  INFO 5080 --- [SmartBus] [    Test worker] com.zaxxer.hikari.pool.HikariPool        : HikariPool-1 - Added connection conn0: url=jdbc:h2:mem:testdb user=SA
2026-04-12T21:04:15.454Z  INFO 5080 --- [SmartBus] [    Test worker] com.zaxxer.hikari.HikariDataSource       : HikariPool-1 - Start completed.
2026-04-12T21:04:15.476Z  WARN 5080 --- [SmartBus] [    Test worker] org.hibernate.orm.deprecation            : HHH90000025: H2Dialect does not need to be specified explicitly using 'hibernate.dialect' (remove the property setting and it will be selected by default)
2026-04-12T21:04:16.392Z  INFO 5080 --- [SmartBus] [    Test worker] o.h.e.t.j.p.i.JtaPlatformInitiator       : HHH000489: No JTA platform available (set 'hibernate.transaction.jta.platform' to enable JTA platform integration)
2026-04-12T21:04:16.447Z  INFO 5080 --- [SmartBus] [    Test worker] j.LocalContainerEntityManagerFactoryBean : Initialized JPA EntityManagerFactory for persistence unit 'default'
2026-04-12T21:04:16.847Z  INFO 5080 --- [SmartBus] [    Test worker] o.s.d.j.r.query.QueryEnhancerFactory     : Hibernate is in classpath; If applicable, HQL parser will be used.
2026-04-12T21:04:17.329Z  WARN 5080 --- [SmartBus] [    Test worker] r$InitializeUserDetailsManagerConfigurer : Global AuthenticationManager configured with an AuthenticationProvider bean. UserDetailsService beans will not be used for username/password login. Consider removing the AuthenticationProvider bean. Alternatively, consider using the UserDetailsService in a manually instantiated DaoAuthenticationProvider.
2026-04-12T21:04:17.426Z  WARN 5080 --- [SmartBus] [    Test worker] JpaBaseConfiguration$JpaWebConfiguration : spring.jpa.open-in-view is enabled by default. Therefore, database queries may be performed during view rendering. Explicitly configure spring.jpa.open-in-view to disable this warning
2026-04-12T21:04:17.989Z  INFO 5080 --- [SmartBus] [    Test worker] o.s.b.a.h2.H2ConsoleAutoConfiguration    : H2 console available at '/h2-console'. Database available at 'jdbc:h2:mem:testdb'
2026-04-12T21:04:18.052Z  INFO 5080 --- [SmartBus] [    Test worker] com.smartbus.SmartBusApplicationTests    : Started SmartBusApplicationTests in 4.689 seconds (process running for 5.607)
]]></system-out>
  <system-err><![CDATA[]]></system-err>
</testsuite>
